<?xml version="1.0" encoding="UTF-8"?>
<!-- Generated by org.testng.reporters.JUnitXMLReporter -->
<testsuite ignored="0" hostname="Rakesh-Singh" failures="0" tests="14" name="Open cart Search Result PageTest" time="29.29" errors="0" timestamp="19 Jul 2024 10:55:34 GMT">
  <testcase classname="com.qa.opencart.tests.SearchResultPageTest" name="ProductDesc" time="3.396"/>
  <testcase classname="com.qa.opencart.tests.SearchResultPageTest" name="doSearch" time="1.051"/>
  <testcase classname="com.qa.opencart.tests.SearchResultPageTest" name="doSearch" time="1.505"/>
  <testcase classname="com.qa.opencart.tests.SearchResultPageTest" name="doSearch" time="1.605"/>
  <testcase classname="com.qa.opencart.tests.SearchResultPageTest" name="doSearch" time="0.891"/>
  <testcase classname="com.qa.opencart.tests.SearchResultPageTest" name="imagesCountTest" time="1.733"/>
  <testcase classname="com.qa.opencart.tests.SearchResultPageTest" name="imagesCountTest" time="1.622"/>
  <testcase classname="com.qa.opencart.tests.SearchResultPageTest" name="imagesCountTest" time="2.299"/>
  <testcase classname="com.qa.opencart.tests.SearchResultPageTest" name="imagesCountTest" time="1.498"/>
  <testcase classname="com.qa.opencart.tests.SearchResultPageTest" name="productDtaTest" time="1.631"/>
  <testcase classname="com.qa.opencart.tests.SearchResultPageTest" name="productInfoTest" time="2.018"/>
  <testcase classname="com.qa.opencart.tests.SearchResultPageTest" name="productInfoTest" time="1.411"/>
  <testcase classname="com.qa.opencart.tests.SearchResultPageTest" name="productInfoTest" time="1.602"/>
  <testcase classname="com.qa.opencart.tests.SearchResultPageTest" name="productInfoTest" time="1.433"/>
</testsuite> <!-- Open cart Search Result PageTest -->
