<?xml version="1.0" encoding="UTF-8"?>
<!-- Generated by org.testng.reporters.JUnitXMLReporter -->
<testsuite ignored="0" hostname="Rakesh-Singh" failures="0" tests="14" name="Open Cart Register Page Negative Test - Chrome 100" time="109.466" errors="0" timestamp="22 Jul 2024 10:31:17 GMT">
  <testcase classname="com.qa.opencart.tests.SearchResultPageTest" name="ProductDesc" time="10.96"/>
  <testcase classname="com.qa.opencart.tests.SearchResultPageTest" name="doSearch" time="5.758"/>
  <testcase classname="com.qa.opencart.tests.SearchResultPageTest" name="doSearch" time="5.865"/>
  <testcase classname="com.qa.opencart.tests.SearchResultPageTest" name="doSearch" time="5.939"/>
  <testcase classname="com.qa.opencart.tests.SearchResultPageTest" name="doSearch" time="6.011"/>
  <testcase classname="com.qa.opencart.tests.SearchResultPageTest" name="imagesCountTest" time="6.322"/>
  <testcase classname="com.qa.opencart.tests.SearchResultPageTest" name="imagesCountTest" time="6.119"/>
  <testcase classname="com.qa.opencart.tests.SearchResultPageTest" name="imagesCountTest" time="6.535"/>
  <testcase classname="com.qa.opencart.tests.SearchResultPageTest" name="imagesCountTest" time="6.116"/>
  <testcase classname="com.qa.opencart.tests.SearchResultPageTest" name="productDtaTest" time="6.244"/>
  <testcase classname="com.qa.opencart.tests.SearchResultPageTest" name="productInfoTest" time="6.136"/>
  <testcase classname="com.qa.opencart.tests.SearchResultPageTest" name="productInfoTest" time="6.192"/>
  <testcase classname="com.qa.opencart.tests.SearchResultPageTest" name="productInfoTest" time="6.394"/>
  <testcase classname="com.qa.opencart.tests.SearchResultPageTest" name="productInfoTest" time="6.386"/>
</testsuite> <!-- Open Cart Register Page Negative Test - Chrome 100 -->
