<?xml version="1.0" encoding="UTF-8"?>
<!-- Generated by org.testng.reporters.JUnitXMLReporter -->
<testsuite ignored="0" hostname="Rakesh-Singh" failures="0" tests="4" name="Open cart Register Test" time="38.011" errors="0" timestamp="19 Jul 2024 10:55:23 GMT">
  <testcase classname="com.qa.opencart.tests.RegisterTest" name="userRegisterTest" time="9.268"/>
  <testcase classname="com.qa.opencart.tests.RegisterTest" name="userRegisterTest" time="5.717"/>
  <testcase classname="com.qa.opencart.tests.RegisterTest" name="userRegisterTest" time="4.272"/>
  <testcase classname="com.qa.opencart.tests.RegisterTest" name="userRegisterTest" time="3.623"/>
</testsuite> <!-- Open cart Register Test -->
