<?xml version="1.0" encoding="UTF-8"?>
<!-- Generated by org.testng.reporters.JUnitXMLReporter -->
<testsuite ignored="0" hostname="Rakesh-Singh" failures="0" tests="14" name="Open cart Search Result PageTest" time="21.098" errors="0" timestamp="20 Jul 2024 01:12:15 GMT">
  <testcase classname="com.qa.opencart.tests.SearchResultPageTest" name="ProductDesc" time="1.606"/>
  <testcase classname="com.qa.opencart.tests.SearchResultPageTest" name="doSearch" time="1.084"/>
  <testcase classname="com.qa.opencart.tests.SearchResultPageTest" name="doSearch" time="0.917"/>
  <testcase classname="com.qa.opencart.tests.SearchResultPageTest" name="doSearch" time="0.752"/>
  <testcase classname="com.qa.opencart.tests.SearchResultPageTest" name="doSearch" time="1.224"/>
  <testcase classname="com.qa.opencart.tests.SearchResultPageTest" name="imagesCountTest" time="2.536"/>
  <testcase classname="com.qa.opencart.tests.SearchResultPageTest" name="imagesCountTest" time="1.724"/>
  <testcase classname="com.qa.opencart.tests.SearchResultPageTest" name="imagesCountTest" time="2.165"/>
  <testcase classname="com.qa.opencart.tests.SearchResultPageTest" name="imagesCountTest" time="1.243"/>
  <testcase classname="com.qa.opencart.tests.SearchResultPageTest" name="productDtaTest" time="1.274"/>
  <testcase classname="com.qa.opencart.tests.SearchResultPageTest" name="productInfoTest" time="1.133"/>
  <testcase classname="com.qa.opencart.tests.SearchResultPageTest" name="productInfoTest" time="1.411"/>
  <testcase classname="com.qa.opencart.tests.SearchResultPageTest" name="productInfoTest" time="1.062"/>
  <testcase classname="com.qa.opencart.tests.SearchResultPageTest" name="productInfoTest" time="0.974"/>
</testsuite> <!-- Open cart Search Result PageTest -->
