<?xml version="1.0" encoding="UTF-8"?>
<!-- Generated by org.testng.reporters.JUnitXMLReporter -->
<testsuite ignored="0" hostname="Rakesh-Singh" failures="0" tests="10" name="Open Cart Accounts Page Test - Chrome 100" time="20.895" errors="0" timestamp="21 Jul 2024 17:02:56 GMT">
  <testcase classname="com.qa.opencart.tests.AccountPageTest" name="accountTitleTest" time="0.04"/>
  <testcase classname="com.qa.opencart.tests.AccountPageTest" name="addToCartButtonPresent" time="0.068"/>
  <testcase classname="com.qa.opencart.tests.AccountPageTest" name="footerLinkAllList" time="1.714"/>
  <testcase classname="com.qa.opencart.tests.AccountPageTest" name="getContentMainHeaderList" time="0.415"/>
  <testcase classname="com.qa.opencart.tests.AccountPageTest" name="getPageUrlTest" time="0.026"/>
  <testcase classname="com.qa.opencart.tests.AccountPageTest" name="homePageHeader" time="0.095"/>
  <testcase classname="com.qa.opencart.tests.AccountPageTest" name="logoutLinkPresent" time="0.109"/>
  <testcase classname="com.qa.opencart.tests.AccountPageTest" name="myAccountPresent" time="0.075"/>
  <testcase classname="com.qa.opencart.tests.AccountPageTest" name="searchBoxPresent" time="0.107"/>
  <testcase classname="com.qa.opencart.tests.AccountPageTest" name="userLogOutPage" time="0.832"/>
</testsuite> <!-- Open Cart Accounts Page Test - Chrome 100 -->
