<?xml version="1.0" encoding="UTF-8"?>
<!-- Generated by org.testng.reporters.JUnitXMLReporter -->
<testsuite ignored="0" hostname="Rakesh-Singh" failures="0" tests="10" name="Open cart Account Page Test" time="19.174" errors="0" timestamp="19 Jul 2024 10:55:05 GMT">
  <testcase classname="com.qa.opencart.tests.AccountPageTest" name="accountTitleTest" time="0.05"/>
  <testcase classname="com.qa.opencart.tests.AccountPageTest" name="addToCartButtonPresent" time="0.177"/>
  <testcase classname="com.qa.opencart.tests.AccountPageTest" name="footerLinkAllList" time="1.8"/>
  <testcase classname="com.qa.opencart.tests.AccountPageTest" name="getContentMainHeaderList" time="0.328"/>
  <testcase classname="com.qa.opencart.tests.AccountPageTest" name="getPageUrlTest" time="0.052"/>
  <testcase classname="com.qa.opencart.tests.AccountPageTest" name="homePageHeader" time="0.104"/>
  <testcase classname="com.qa.opencart.tests.AccountPageTest" name="logoutLinkPresent" time="0.14"/>
  <testcase classname="com.qa.opencart.tests.AccountPageTest" name="myAccountPresent" time="0.114"/>
  <testcase classname="com.qa.opencart.tests.AccountPageTest" name="searchBoxPresent" time="0.106"/>
  <testcase classname="com.qa.opencart.tests.AccountPageTest" name="userLogOutPage" time="2.558"/>
</testsuite> <!-- Open cart Account Page Test -->
