<?xml version="1.0" encoding="UTF-8"?>
<!-- Generated by org.testng.reporters.JUnitXMLReporter -->
<testsuite ignored="0" hostname="Rakesh-Singh" failures="0" tests="10" name="Open Cart Accounts Page Test - Chrome 100" time="29.766" errors="0" timestamp="21 Aug 2024 07:47:52 GMT">
  <testcase classname="com.qa.opencart.tests.AccountPageTest" name="accountTitleTest" time="0.112"/>
  <testcase classname="com.qa.opencart.tests.AccountPageTest" name="addToCartButtonPresent" time="0.159"/>
  <testcase classname="com.qa.opencart.tests.AccountPageTest" name="footerLinkAllList" time="1.033"/>
  <testcase classname="com.qa.opencart.tests.AccountPageTest" name="getContentMainHeaderList" time="0.241"/>
  <testcase classname="com.qa.opencart.tests.AccountPageTest" name="getPageUrlTest" time="0.038"/>
  <testcase classname="com.qa.opencart.tests.AccountPageTest" name="homePageHeader" time="0.158"/>
  <testcase classname="com.qa.opencart.tests.AccountPageTest" name="logoutLinkPresent" time="0.118"/>
  <testcase classname="com.qa.opencart.tests.AccountPageTest" name="myAccountPresent" time="0.109"/>
  <testcase classname="com.qa.opencart.tests.AccountPageTest" name="searchBoxPresent" time="0.097"/>
  <testcase classname="com.qa.opencart.tests.AccountPageTest" name="userLogOutPage" time="1.075"/>
</testsuite> <!-- Open Cart Accounts Page Test - Chrome 100 -->
