<?xml version="1.0" encoding="UTF-8"?>
<!-- Generated by org.testng.reporters.JUnitXMLReporter -->
<testsuite ignored="0" hostname="Rakesh-Singh" failures="0" tests="4" name="Open Cart Product Info Test - Chrome 89" time="54.916" errors="0" timestamp="22 Jul 2024 10:29:55 GMT">
  <testcase classname="com.qa.opencart.tests.RegisterTest" name="userRegisterTest" time="7.632"/>
  <testcase classname="com.qa.opencart.tests.RegisterTest" name="userRegisterTest" time="8.583"/>
  <testcase classname="com.qa.opencart.tests.RegisterTest" name="userRegisterTest" time="5.95"/>
  <testcase classname="com.qa.opencart.tests.RegisterTest" name="userRegisterTest" time="9.132"/>
</testsuite> <!-- Open Cart Product Info Test - Chrome 89 -->
