<?xml version="1.0" encoding="UTF-8"?>
<testng-results ignored="0" total="10" passed="10" failed="0" skipped="0">
  <reporter-output>
  </reporter-output>
  <suite started-at="2024-08-21T07:47:22Z" name="Open Cart Test Regression Suite" finished-at="2024-08-21T07:47:52Z" duration-ms="29766">
    <groups>
    </groups>
    <test started-at="2024-08-21T07:47:22Z" name="Open Cart Accounts Page Test - Chrome 100" finished-at="2024-08-21T07:47:52Z" duration-ms="29766">
      <class name="com.qa.opencart.tests.AccountPageTest">
        <test-method is-config="true" signature="setup(java.lang.String, java.lang.String)[pri:0, instance:com.qa.opencart.tests.AccountPageTest@2b4b96a4]" started-at="2024-08-21T07:47:22Z" name="setup" finished-at="2024-08-21T07:47:44Z" duration-ms="21492" status="PASS">
          <params>
            <param index="0">
              <value>
                <![CDATA[chrome]]>
              </value>
            </param>
            <param index="1">
              <value>
                <![CDATA[100.0]]>
              </value>
            </param>
          </params>
          <reporter-output>
          </reporter-output>
        </test-method> <!-- setup -->
        <test-method is-config="true" signature="accountSetup()[pri:0, instance:com.qa.opencart.tests.AccountPageTest@2b4b96a4]" started-at="2024-08-21T07:47:44Z" name="accountSetup" finished-at="2024-08-21T07:47:46Z" duration-ms="2374" status="PASS">
          <reporter-output>
          </reporter-output>
        </test-method> <!-- accountSetup -->
        <test-method signature="accountTitleTest()[pri:0, instance:com.qa.opencart.tests.AccountPageTest@2b4b96a4]" started-at="2024-08-21T07:47:46Z" name="accountTitleTest" finished-at="2024-08-21T07:47:46Z" duration-ms="112" status="PASS">
          <reporter-output>
          </reporter-output>
        </test-method> <!-- accountTitleTest -->
        <test-method signature="addToCartButtonPresent()[pri:0, instance:com.qa.opencart.tests.AccountPageTest@2b4b96a4]" started-at="2024-08-21T07:47:47Z" name="addToCartButtonPresent" finished-at="2024-08-21T07:47:47Z" duration-ms="159" status="PASS">
          <reporter-output>
          </reporter-output>
        </test-method> <!-- addToCartButtonPresent -->
        <test-method signature="footerLinkAllList()[pri:0, instance:com.qa.opencart.tests.AccountPageTest@2b4b96a4]" started-at="2024-08-21T07:47:47Z" name="footerLinkAllList" finished-at="2024-08-21T07:47:48Z" duration-ms="1033" status="PASS">
          <reporter-output>
          </reporter-output>
        </test-method> <!-- footerLinkAllList -->
        <test-method signature="getContentMainHeaderList()[pri:0, instance:com.qa.opencart.tests.AccountPageTest@2b4b96a4]" started-at="2024-08-21T07:47:48Z" name="getContentMainHeaderList" finished-at="2024-08-21T07:47:48Z" duration-ms="241" status="PASS">
          <reporter-output>
          </reporter-output>
        </test-method> <!-- getContentMainHeaderList -->
        <test-method signature="getPageUrlTest()[pri:0, instance:com.qa.opencart.tests.AccountPageTest@2b4b96a4]" started-at="2024-08-21T07:47:48Z" name="getPageUrlTest" finished-at="2024-08-21T07:47:48Z" duration-ms="38" status="PASS">
          <reporter-output>
          </reporter-output>
        </test-method> <!-- getPageUrlTest -->
        <test-method signature="homePageHeader()[pri:0, instance:com.qa.opencart.tests.AccountPageTest@2b4b96a4]" started-at="2024-08-21T07:47:49Z" name="homePageHeader" finished-at="2024-08-21T07:47:49Z" duration-ms="158" status="PASS">
          <reporter-output>
          </reporter-output>
        </test-method> <!-- homePageHeader -->
        <test-method signature="logoutLinkPresent()[pri:0, instance:com.qa.opencart.tests.AccountPageTest@2b4b96a4]" started-at="2024-08-21T07:47:49Z" name="logoutLinkPresent" finished-at="2024-08-21T07:47:49Z" duration-ms="118" status="PASS">
          <reporter-output>
          </reporter-output>
        </test-method> <!-- logoutLinkPresent -->
        <test-method signature="myAccountPresent()[pri:0, instance:com.qa.opencart.tests.AccountPageTest@2b4b96a4]" started-at="2024-08-21T07:47:49Z" name="myAccountPresent" finished-at="2024-08-21T07:47:49Z" duration-ms="109" status="PASS">
          <reporter-output>
          </reporter-output>
        </test-method> <!-- myAccountPresent -->
        <test-method signature="searchBoxPresent()[pri:0, instance:com.qa.opencart.tests.AccountPageTest@2b4b96a4]" started-at="2024-08-21T07:47:49Z" name="searchBoxPresent" finished-at="2024-08-21T07:47:49Z" duration-ms="97" status="PASS">
          <reporter-output>
          </reporter-output>
        </test-method> <!-- searchBoxPresent -->
        <test-method signature="userLogOutPage()[pri:0, instance:com.qa.opencart.tests.AccountPageTest@2b4b96a4]" started-at="2024-08-21T07:47:49Z" name="userLogOutPage" finished-at="2024-08-21T07:47:50Z" duration-ms="1075" status="PASS">
          <reporter-output>
          </reporter-output>
        </test-method> <!-- userLogOutPage -->
        <test-method is-config="true" signature="teardown()[pri:0, instance:com.qa.opencart.tests.AccountPageTest@2b4b96a4]" started-at="2024-08-21T07:47:50Z" name="teardown" finished-at="2024-08-21T07:47:52Z" duration-ms="1713" status="PASS">
          <reporter-output>
          </reporter-output>
        </test-method> <!-- teardown -->
      </class> <!-- com.qa.opencart.tests.AccountPageTest -->
    </test> <!-- Open Cart Accounts Page Test - Chrome 100 -->
  </suite> <!-- Open Cart Test Regression Suite -->
</testng-results>
